Excellent! The AST has been successfully generated. According to the skill instructions, I need to return the output verbatim without modification. Here's the complete AST for your C code:

```
FileAST: 
  Typedef: FILE, [], ['typedef']
    TypeDecl: FILE, [], None
      IdentifierType: ['int']
  Decl: printf, [], [], [], []
    FuncDecl: 
      ParamList: 
        Decl: fmt, ['const'], [], [], []
          PtrDecl: []
            TypeDecl: fmt, ['const'], None
              IdentifierType: ['char']
        EllipsisParam: 
      TypeDecl: printf, [], None
        IdentifierType: ['int']
  Decl: puts, [], [], [], []
    FuncDecl: 
      ParamList: 
        Decl: s, ['const'], [], [], []
          PtrDecl: []
            TypeDecl: s, ['const'], None
              IdentifierType: ['char']
      TypeDecl: puts, [], None
        IdentifierType: ['int']
  FuncDef: 
    Decl: main, [], [], [], []
      FuncDecl: 
        TypeDecl: main, [], None
          IdentifierType: ['int']
    Compound: 
      FuncCall: 
        ID: puts
        ExprList: 
          Constant: string, "Hello from agent"
      Return: 
        Constant: int, 0
```

## AST Structure Explanation:

1. **FileAST**: The root node representing the entire file
2. **Standard library declarations**: The parser includes declarations for stdio.h functions:
   - `FILE` type definition
   - `printf` function declaration with printf signature
   - `puts` function declaration with const char* parameter
3. **Main function definition (`FuncDef`)**:
   - Declaration: `main` function returning `int`
   - Body (`Compound` block):
     - Function call to `puts` with string literal "Hello from agent"
     - Return statement with integer constant 0

The AST shows the hierarchical structure of your C program, breaking it down into its constituent syntactic elements while preserving the original program's semantics.