The C code has been successfully converted to an Abstract Syntax Tree (AST). Here is the complete AST representation:

```
FileAST: 
  Typedef: FILE, [], ['typedef']
    TypeDecl: FILE, [], None
      IdentifierType: ['int']
  Decl: printf, [], [], [], []
    FuncDecl: 
      ParamList: 
        Decl: fmt, ['const'], [], [], []
          PtrDecl: []
            TypeDecl: fmt, ['const'], None
              IdentifierType: ['char']
        EllipsisParam: 
      TypeDecl: printf, [], None
        IdentifierType: ['int']
  Decl: puts, [], [], [], []
    FuncDecl: 
      ParamList: 
        Decl: s, ['const'], [], [], []
          PtrDecl: []
            TypeDecl: s, ['const'], None
              IdentifierType: ['char']
      TypeDecl: puts, [], None
        IdentifierType: ['int']
  FuncDef: 
    Decl: main, [], [], [], []
      FuncDecl: 
        TypeDecl: main, [], None
          IdentifierType: ['int']
    Compound: 
      FuncCall: 
        ID: puts
        ExprList: 
          Constant: string, "Hello from agent"
      Return: 
        Constant: int, 0
```

The AST shows:
1. Standard library declarations (FILE, printf, puts) from the fake libc headers
2. The main function definition (FuncDef) with:
   - Declaration of main returning int
   - A compound block containing:
     - A function call to puts with the string constant "Hello from agent"
     - A return statement with the integer constant 0

This tree structure represents the syntactic hierarchy of your C program, where each node corresponds to a language construct in the C grammar.